<?xml version="1.0" encoding="UTF-8"?>
<!-- Generated by org.testng.reporters.JUnitXMLReporter -->
<testsuite ignored="0" hostname="CharlesPC" failures="0" tests="4" name="RunAssurityApiTest" time="18.61" errors="0" timestamp="08 May 2019 07:37:49 GMT">
  <testcase classname="assurityApi.AssurityApiTest" name="canRelistIsTrue" time="6.059"/>
  <testcase classname="assurityApi.AssurityApiTest" name="galleryContainsText" time="6.019"/>
  <testcase classname="assurityApi.AssurityApiTest" name="nameEqualsVerification" time="2.896"/>
  <testcase classname="assurityApi.AssurityApiTest" name="statusCodeVerification" time="2.813"/>
</testsuite> <!-- RunAssurityApiTest -->
