<?xml version="1.0" encoding="UTF-8"?>
<!-- Generated by org.testng.reporters.JUnitXMLReporter -->
<testsuite ignored="0" hostname="CharlesPC" failures="0" tests="4" name="RunAssurityApiTest" time="18.903" errors="0" timestamp="08 May 2019 17:13:14 GMT">
  <testcase classname="assurityApi.AssurityApiTest" name="canRelistIsTrue" time="6.037"/>
  <testcase classname="assurityApi.AssurityApiTest" name="galleryContainsText" time="6.015"/>
  <testcase classname="assurityApi.AssurityApiTest" name="nameEqualsVerification" time="3.074"/>
  <testcase classname="assurityApi.AssurityApiTest" name="statusCodeVerification" time="2.968"/>
</testsuite> <!-- RunAssurityApiTest -->
