<?xml version="1.0" encoding="UTF-8"?>
<!-- Generated by org.testng.reporters.JUnitXMLReporter -->
<testsuite hostname="CharlesPC" failures="0" tests="4" name="RunAssurityApiTest" time="17.911" errors="0" timestamp="8 May 2019 09:42:58 GMT">
  <testcase classname="assurityApi.AssurityApiTest" name="canRelistIsTrue" time="5.352"/>
  <testcase classname="assurityApi.AssurityApiTest" name="galleryContainsText" time="6.158"/>
  <testcase classname="assurityApi.AssurityApiTest" name="nameEqualsVerification" time="2.933"/>
  <testcase classname="assurityApi.AssurityApiTest" name="statusCodeVerification" time="2.869"/>
</testsuite> <!-- RunAssurityApiTest -->
