<?xml version="1.0" encoding="UTF-8"?>
<!-- Generated by org.testng.reporters.JUnitXMLReporter -->
<testsuite ignored="0" hostname="CharlesPC" failures="0" tests="4" name="Default test" time="21.023" errors="0" timestamp="07 May 2019 18:55:10 GMT">
  <testcase classname="assurityApi.AssurityApiTest" name="canRelistVerification" time="8.108"/>
  <testcase classname="assurityApi.AssurityApiTest" name="galleryContainsTextVerification" time="6.301"/>
  <testcase classname="assurityApi.AssurityApiTest" name="nameEqualsVerification" time="2.899"/>
  <testcase classname="assurityApi.AssurityApiTest" name="statusCodeVerification" time="2.948"/>
</testsuite> <!-- Default test -->
