<?xml version="1.0" encoding="UTF-8"?>
<!-- Generated by org.testng.reporters.JUnitXMLReporter -->
<testsuite ignored="0" hostname="CharlesPC" failures="0" tests="4" name="Default test" time="23.577" errors="0" timestamp="08 May 2019 06:55:46 GMT">
  <testcase classname="assurityApi.AssurityApiTest" name="canRelistIsTrue" time="3.946"/>
  <testcase classname="assurityApi.AssurityApiTest" name="galleryContainsText" time="6.067"/>
  <testcase classname="assurityApi.AssurityApiTest" name="nameEqualsVerification" time="2.967"/>
  <testcase classname="assurityApi.AssurityApiTest" name="statusCodeVerification" time="2.965"/>
</testsuite> <!-- Default test -->
