<?xml version="1.0" encoding="UTF-8"?>
<testng-results total="4" passed="4" failed="0" skipped="0">
  <reporter-output>
  </reporter-output>
  <suite started-at="2019-05-08T09:42:40Z" name="RunAssurityApiTest" finished-at="2019-05-08T09:42:58Z" duration-ms="17911">
    <groups>
    </groups>
    <test started-at="2019-05-08T09:42:40Z" name="RunAssurityApiTest" finished-at="2019-05-08T09:42:58Z" duration-ms="17911">
      <class name="assurityApi.AssurityApiTest">
        <test-method is-config="true" signature="setup()[pri:0, instance:assurityApi.AssurityApiTest@1ea9f6af]" started-at="2019-05-08T11:42:40Z" name="setup" finished-at="2019-05-08T11:42:41Z" duration-ms="582" status="PASS">
          <reporter-output>
          </reporter-output>
        </test-method> <!-- setup -->
        <test-method signature="canRelistIsTrue()[pri:0, instance:assurityApi.AssurityApiTest@1ea9f6af]" started-at="2019-05-08T11:42:41Z" name="canRelistIsTrue" finished-at="2019-05-08T11:42:46Z" duration-ms="5352" status="PASS">
          <reporter-output>
          </reporter-output>
        </test-method> <!-- canRelistIsTrue -->
        <test-method signature="galleryContainsText()[pri:0, instance:assurityApi.AssurityApiTest@1ea9f6af]" started-at="2019-05-08T11:42:46Z" name="galleryContainsText" finished-at="2019-05-08T11:42:52Z" duration-ms="6158" status="PASS">
          <reporter-output>
          </reporter-output>
        </test-method> <!-- galleryContainsText -->
        <test-method signature="nameEqualsVerification()[pri:0, instance:assurityApi.AssurityApiTest@1ea9f6af]" started-at="2019-05-08T11:42:52Z" name="nameEqualsVerification" finished-at="2019-05-08T11:42:55Z" duration-ms="2933" status="PASS">
          <reporter-output>
          </reporter-output>
        </test-method> <!-- nameEqualsVerification -->
        <test-method signature="statusCodeVerification()[pri:0, instance:assurityApi.AssurityApiTest@1ea9f6af]" started-at="2019-05-08T11:42:55Z" name="statusCodeVerification" finished-at="2019-05-08T11:42:58Z" duration-ms="2869" status="PASS">
          <reporter-output>
          </reporter-output>
        </test-method> <!-- statusCodeVerification -->
      </class> <!-- assurityApi.AssurityApiTest -->
    </test> <!-- RunAssurityApiTest -->
  </suite> <!-- RunAssurityApiTest -->
</testng-results>
