<?xml version="1.0" encoding="UTF-8"?>
<testng-results ignored="0" total="4" passed="4" failed="0" skipped="0">
  <reporter-output>
  </reporter-output>
  <suite started-at="2019-05-07T18:54:49Z" name="Default suite" finished-at="2019-05-07T18:55:10Z" duration-ms="21023">
    <groups>
    </groups>
    <test started-at="2019-05-07T18:54:49Z" name="Default test" finished-at="2019-05-07T18:55:10Z" duration-ms="21023">
      <class name="assurityApi.AssurityApiTest">
        <test-method is-config="true" signature="setup()[pri:0, instance:assurityApi.AssurityApiTest@3f56875e]" started-at="2019-05-07T18:54:49Z" name="setup" finished-at="2019-05-07T18:54:49Z" duration-ms="698" status="PASS">
          <reporter-output>
          </reporter-output>
        </test-method> <!-- setup -->
        <test-method signature="canRelistVerification()[pri:0, instance:assurityApi.AssurityApiTest@3f56875e]" started-at="2019-05-07T18:54:49Z" name="canRelistVerification" finished-at="2019-05-07T18:54:57Z" duration-ms="8108" status="PASS">
          <reporter-output>
          </reporter-output>
        </test-method> <!-- canRelistVerification -->
        <test-method signature="galleryContainsTextVerification()[pri:0, instance:assurityApi.AssurityApiTest@3f56875e]" started-at="2019-05-07T18:54:57Z" name="galleryContainsTextVerification" finished-at="2019-05-07T18:55:04Z" duration-ms="6301" status="PASS">
          <reporter-output>
          </reporter-output>
        </test-method> <!-- galleryContainsTextVerification -->
        <test-method signature="nameEqualsVerification()[pri:0, instance:assurityApi.AssurityApiTest@3f56875e]" started-at="2019-05-07T18:55:04Z" name="nameEqualsVerification" finished-at="2019-05-07T18:55:07Z" duration-ms="2899" status="PASS">
          <reporter-output>
          </reporter-output>
        </test-method> <!-- nameEqualsVerification -->
        <test-method signature="statusCodeVerification()[pri:0, instance:assurityApi.AssurityApiTest@3f56875e]" started-at="2019-05-07T18:55:07Z" name="statusCodeVerification" finished-at="2019-05-07T18:55:10Z" duration-ms="2948" status="PASS">
          <reporter-output>
          </reporter-output>
        </test-method> <!-- statusCodeVerification -->
      </class> <!-- assurityApi.AssurityApiTest -->
    </test> <!-- Default test -->
  </suite> <!-- Default suite -->
</testng-results>
