<?xml version="1.0" encoding="UTF-8"?>
<testng-results skipped="0" failed="0" total="4" passed="4">
  <reporter-output>
  </reporter-output>
  <suite name="RunAssurityApiTest" duration-ms="18598" started-at="2019-05-09T18:11:17Z" finished-at="2019-05-09T18:11:35Z">
    <groups>
    </groups>
    <test name="RunAssurityApiTest" duration-ms="18598" started-at="2019-05-09T18:11:17Z" finished-at="2019-05-09T18:11:35Z">
      <class name="assurityApi.AssurityApiTest">
        <test-method status="PASS" signature="setup()[pri:0, instance:assurityApi.AssurityApiTest@ed3ef1]" name="setup" is-config="true" duration-ms="1092" started-at="2019-05-09T20:11:17Z" finished-at="2019-05-09T20:11:18Z">
          <reporter-output>
          </reporter-output>
        </test-method> <!-- setup -->
        <test-method status="PASS" signature="canRelistIsTrue()[pri:0, instance:assurityApi.AssurityApiTest@ed3ef1]" name="canRelistIsTrue" duration-ms="6083" started-at="2019-05-09T20:11:18Z" finished-at="2019-05-09T20:11:24Z">
          <reporter-output>
          </reporter-output>
        </test-method> <!-- canRelistIsTrue -->
        <test-method status="PASS" signature="galleryContainsText()[pri:0, instance:assurityApi.AssurityApiTest@ed3ef1]" name="galleryContainsText" duration-ms="5649" started-at="2019-05-09T20:11:24Z" finished-at="2019-05-09T20:11:29Z">
          <reporter-output>
          </reporter-output>
        </test-method> <!-- galleryContainsText -->
        <test-method status="PASS" signature="nameEqualsVerification()[pri:0, instance:assurityApi.AssurityApiTest@ed3ef1]" name="nameEqualsVerification" duration-ms="2891" started-at="2019-05-09T20:11:29Z" finished-at="2019-05-09T20:11:32Z">
          <reporter-output>
          </reporter-output>
        </test-method> <!-- nameEqualsVerification -->
        <test-method status="PASS" signature="statusCodeVerification()[pri:0, instance:assurityApi.AssurityApiTest@ed3ef1]" name="statusCodeVerification" duration-ms="2871" started-at="2019-05-09T20:11:32Z" finished-at="2019-05-09T20:11:35Z">
          <reporter-output>
          </reporter-output>
        </test-method> <!-- statusCodeVerification -->
      </class> <!-- assurityApi.AssurityApiTest -->
    </test> <!-- RunAssurityApiTest -->
  </suite> <!-- RunAssurityApiTest -->
</testng-results>
